pull Action Started
Mon Jul 08 12:52:10 CDT 2024 Info : Pulling Util BMLs.
Mon Jul 08 12:52:10 CDT 2024 Info : Pulling BML: convert2DArrayToDict
Mon Jul 08 12:52:10 CDT 2024 Info : Pulling BML: eval
Mon Jul 08 12:52:10 CDT 2024 Info : Pulling BML: getConfigMenuValue
Mon Jul 08 12:52:10 CDT 2024 Info : Pulling BML: getConfigValue
Mon Jul 08 12:52:10 CDT 2024 Info : Pulling BML: getPartFields
Mon Jul 08 12:52:10 CDT 2024 Info : Pulling BML: getServiceCompatibleData
Mon Jul 08 12:52:10 CDT 2024 Info : Pulling BML: printDebugHeader
Mon Jul 08 12:52:10 CDT 2024 Info : Pulling BML: printInternalSection
Mon Jul 08 12:52:10 CDT 2024 Info : Pulling BML: printDebug
Mon Jul 08 12:52:10 CDT 2024 Info : Pulling BML: getHidingStatus
Mon Jul 08 12:52:10 CDT 2024 Info : Pulling BML: evalNoMath
Mon Jul 08 12:52:10 CDT 2024 Info : Pulling BML: getPIBasedProductPricingData
Mon Jul 08 12:52:10 CDT 2024 Info : Pulling BML: getPromoCodeDetails
Mon Jul 08 12:52:10 CDT 2024 Info : Pulling BML: processTierPricingWorksheet
Mon Jul 08 12:52:10 CDT 2024 Info : Pulling BML: getStrListDict
Mon Jul 08 12:52:10 CDT 2024 Info : Pulling BML: uniqueList
Mon Jul 08 12:52:10 CDT 2024 Info : Pulling BML: convert2DListToDict
Mon Jul 08 12:52:10 CDT 2024 Info : Pulling BML: customAtoi
Mon Jul 08 12:52:10 CDT 2024 Info : Pulling BML: customAtof
Mon Jul 08 12:52:10 CDT 2024 Info : Pulling BML: formatDate
Mon Jul 08 12:52:10 CDT 2024 Info : Pulling BML: convertToBMLDate
Mon Jul 08 12:52:10 CDT 2024 Info : Pulling BML: initIntList
Mon Jul 08 12:52:10 CDT 2024 Info : Pulling BML: initStrList
Mon Jul 08 12:52:10 CDT 2024 Info : Pulling BML: initFloatList
Mon Jul 08 12:52:10 CDT 2024 Info : Pulling BML: buildCustomArraySetRow
Mon Jul 08 12:52:10 CDT 2024 Info : Pulling BML: getXMLNode
Mon Jul 08 12:52:10 CDT 2024 Info : Pulling BML: getXMLNodeValues
Mon Jul 08 12:52:10 CDT 2024 Info : Pulling BML: getCurrencyData
Mon Jul 08 12:52:10 CDT 2024 Info : Pulling BML: getTermBasedDisc
Mon Jul 08 12:52:11 CDT 2024 Info : Pulling BML: spliceXMLNodeValuesExtended
Mon Jul 08 12:52:11 CDT 2024 Info : Pulling BML: getUnifiedPricingData
Mon Jul 08 12:52:11 CDT 2024 Info : Pulling BML: calculateUnifiedPricing
Mon Jul 08 12:52:11 CDT 2024 Info : Pulling BML: getRoundingDecimals
Mon Jul 08 12:52:11 CDT 2024 Info : Pulling BML: getPriceList
Mon Jul 08 12:52:11 CDT 2024 Info : Pulling BML: calculateTierPricing
Mon Jul 08 12:52:11 CDT 2024 Info : Pulling BML: calculateProductBasedPricing
Mon Jul 08 12:52:11 CDT 2024 Info : Pulling BML: makeReturnString
Mon Jul 08 12:52:11 CDT 2024 Info : Pulling BML: getMultiplier
Mon Jul 08 12:52:11 CDT 2024 Info : Pulling BML: getStringAttribute
Mon Jul 08 12:52:11 CDT 2024 Info : Pulling BML: getIntegerAttribute
Mon Jul 08 12:52:11 CDT 2024 Info : Pulling BML: getFloatAttribute
Mon Jul 08 12:52:11 CDT 2024 Info : Pulling BML: putStringAttribute
Mon Jul 08 12:52:11 CDT 2024 Info : Pulling BML: putIntegerAttribute
Mon Jul 08 12:52:11 CDT 2024 Info : Pulling BML: putFloatAttribute
Mon Jul 08 12:52:11 CDT 2024 Info : Pulling BML: printError
Mon Jul 08 12:52:11 CDT 2024 Info : Pulling BML: evalArrayAttribute
Mon Jul 08 12:52:11 CDT 2024 Info : Pulling BML: getQtyBasedProductPricingConditions
Mon Jul 08 12:52:11 CDT 2024 Info : Pulling BML: getNewTransactionValues
Mon Jul 08 12:52:11 CDT 2024 Info : Pulling BML: fomatPrice
Mon Jul 08 12:52:11 CDT 2024 Info : Pulling BML: require_javascript
Mon Jul 08 12:52:11 CDT 2024 Info : Pulling BML: getStrDict
Mon Jul 08 12:52:11 CDT 2024 Info : Pulling BML: getFloatDict
Mon Jul 08 12:52:11 CDT 2024 Info : Pulling BML: getIntDict
Mon Jul 08 12:52:11 CDT 2024 Info : Pulling BML: getBooleanDict
Mon Jul 08 12:52:11 CDT 2024 Info : Pulling BML: getIntListDict
Mon Jul 08 12:52:11 CDT 2024 Info : Pulling BML: getFloatListDict
Mon Jul 08 12:52:11 CDT 2024 Info : Pulling BML: getQuoteValueViaSoap
Mon Jul 08 12:52:11 CDT 2024 Info : Pulling BML: getConversionRate
Mon Jul 08 12:52:11 CDT 2024 Info : Pulling BML: getMiscCommerceData
Mon Jul 08 12:52:11 CDT 2024 Info : Pulling BML: getStdTierPricing
Mon Jul 08 12:52:11 CDT 2024 Info : Pulling BML: getProductBasedPricingData
Mon Jul 08 12:52:11 CDT 2024 Info : Pulling BML: printDebugSubsection
Mon Jul 08 12:52:11 CDT 2024 Info : Pulling BML: approvalTriggers
Mon Jul 08 12:52:11 CDT 2024 Info : Pulling BML: convertDictCurrency
Mon Jul 08 12:52:11 CDT 2024 Info : Pulling BML: spliceXMLNodeValues
Mon Jul 08 12:52:11 CDT 2024 Info : Pulling BML: setXMLAttribute
Mon Jul 08 12:52:11 CDT 2024 Info : Pulling BML: getServicesUOM
Mon Jul 08 12:52:11 CDT 2024 Info : Pulling BML: constrainArrayRepeatedValues
Mon Jul 08 12:52:11 CDT 2024 Info : Pulling BML: getSelectAccessLevelFee
Mon Jul 08 12:52:11 CDT 2024 Info : Pulling BML: convertToNonSciNotation
Mon Jul 08 12:52:11 CDT 2024 Info : Pulling BML: calculateProdBasedPricing
Mon Jul 08 12:52:11 CDT 2024 Info : Pulling BML: getApprovalEmail
Mon Jul 08 12:52:11 CDT 2024 Info : Pulling BML: sortLineItems
Mon Jul 08 12:52:11 CDT 2024 Info : Pulling BML: getUnitBasedRecurringServicesPI
Mon Jul 08 12:52:11 CDT 2024 Info : Pulling BML: getDefaultBasedOnBUImplementationAndMarket
Mon Jul 08 12:52:11 CDT 2024 Info : Pulling BML: isPOGrouped
Mon Jul 08 12:52:11 CDT 2024 Info : Pulling BML: getPOsforConcurForceAndPremierTravelSOF
Mon Jul 08 12:52:11 CDT 2024 Info : Pulling BML: getAssetValue
Mon Jul 08 12:52:12 CDT 2024 Info : Pulling BML: setConfigAttValuesForRE
Mon Jul 08 12:52:12 CDT 2024 Info : Pulling BML: formAttrValueStr
Mon Jul 08 12:52:12 CDT 2024 Info : Pulling BML: getAttrValueDictForLineItemRamp
Mon Jul 08 12:52:12 CDT 2024 Info : Pulling BML: getIntellConstrainAttr
Mon Jul 08 12:52:12 CDT 2024 Info : Pulling BML: addMonthsToDate
Mon Jul 08 12:52:12 CDT 2024 Info : Pulling BML: updateTransactionsAfterAttributeGathering
Mon Jul 08 12:52:12 CDT 2024 Info : Pulling BML: getRampXMLStringArrayDict
Mon Jul 08 12:52:12 CDT 2024 Info : Pulling BML: putPromotionsInfo
Mon Jul 08 12:52:12 CDT 2024 Info : Pulling BML: setRampPlanData
Mon Jul 08 12:52:12 CDT 2024 Info : Pulling BML: getLineItemsInfoFromCommerceToConfig
Mon Jul 08 12:52:12 CDT 2024 Info : Pulling BML: setDateToLastDayOfMonth
Mon Jul 08 12:52:12 CDT 2024 Info : Pulling BML: systematizedTerminations
Mon Jul 08 12:52:12 CDT 2024 Info : Pulling BML: getDifferenceInMonths
Mon Jul 08 12:52:12 CDT 2024 Info : Pulling BML: getStandTierPricing
Mon Jul 08 12:52:12 CDT 2024 Info : Pulling BML: getDefaultValuesBasedOnBUImplementationAndMarket
Mon Jul 08 12:52:12 CDT 2024 Info : Pulling BML: getAttributesDictValue
Mon Jul 08 12:52:12 CDT 2024 Info : Pulling BML: getVATValidation
Mon Jul 08 12:52:12 CDT 2024 Info : Pulling BML: getVATValidationMessage
Mon Jul 08 12:52:12 CDT 2024 Info : Pulling BML: buildSelectedPromotionDescriptions
Mon Jul 08 12:52:12 CDT 2024 Info : Pulling BML: setDateToFirstDayOfMonth
Mon Jul 08 12:52:12 CDT 2024 Info : Pulling BML: sortModelToLineDictionaries
Mon Jul 08 12:52:12 CDT 2024 Info : Pulling BML: getUserTimeZone
Mon Jul 08 12:52:12 CDT 2024 Info : Pulling BML: validateDollarAndPercentRule
Mon Jul 08 12:52:12 CDT 2024 Info : Pulling BML: evaluate
Mon Jul 08 12:52:12 CDT 2024 Info : Pulling BML: incrementalBaseApprovalFlag
Mon Jul 08 12:52:12 CDT 2024 Info : Pulling BML: getDateFromString
Mon Jul 08 12:52:12 CDT 2024 Info : Pulling BML: isDateWithinTheCurrentQuarter
Mon Jul 08 12:52:12 CDT 2024 Info : Pulling BML: fetchUserloginForManager
Mon Jul 08 12:52:12 CDT 2024 Info : Pulling BML: getServiceCompatibleDataOfProducts
Mon Jul 08 12:52:12 CDT 2024 Info : Pulling BML: setPropertiesForCIPPartsforJapan
Mon Jul 08 12:52:12 CDT 2024 Info : Pulling BML: calculatePromotion
Mon Jul 08 12:52:12 CDT 2024 Info : Pulling BML: getMaxTierForStateLocalCust
Mon Jul 08 12:52:12 CDT 2024 Info : Pulling BML: getProductBasedRecurringServicesPO
Mon Jul 08 12:52:12 CDT 2024 Info : Pulling BML: populatePricingKeyCollections
Mon Jul 08 12:52:12 CDT 2024 Info : Pulling BML: manageARROffsetWithinProductFamily
Mon Jul 08 12:52:12 CDT 2024 Info : Pulling BML: getRampDiscounts
Mon Jul 08 12:52:12 CDT 2024 Info : Pulling BML: getHidingStatusOfProducts
Mon Jul 08 12:52:12 CDT 2024 Info : Pulling BML: getUnifiedPricingInfoForModel
Mon Jul 08 12:52:12 CDT 2024 Info : Pulling BML: hideCrossModelMessage
Mon Jul 08 12:52:12 CDT 2024 Info : Pulling BML: reconcileCurrentDate
Mon Jul 08 12:52:12 CDT 2024 Info : Pulling BML: getHidingStatusForServicePartnerType
Mon Jul 08 12:52:12 CDT 2024 Info : Pulling BML: getQuoteRampPlanTrxnRatios
Mon Jul 08 12:52:12 CDT 2024 Info : Pulling BML: getInitialRampTransactionsForAO
Mon Jul 08 12:52:12 CDT 2024 Info : Pulling BML: getBillingCycleNumber
Mon Jul 08 12:52:12 CDT 2024 Info : Pulling BML: getCountryISOCode
Mon Jul 08 12:52:12 CDT 2024 Info : Pulling BML: setPropertiesOfCIPParts
Mon Jul 08 12:52:12 CDT 2024 Info : Pulling BML: getTransactionMatchPOs
Mon Jul 08 12:52:12 CDT 2024 Info : Pulling BML: getProfOnlyPOsForUniversal
Mon Jul 08 12:52:13 CDT 2024 Info : Pulling BML: getTravelAndExpensePIs
Mon Jul 08 12:52:13 CDT 2024 Info : Pulling BML: setPropertiesForCIPParts
Mon Jul 08 12:52:13 CDT 2024 Info : Pulling BML: isDigitalCommerceTransaction
Mon Jul 08 12:52:13 CDT 2024 Info : Pulling BML: sYSTEMTEST
Mon Jul 08 12:52:13 CDT 2024 Info : Pulling Util BMLTs.
Mon Jul 08 12:52:13 CDT 2024 Info : Pulling Commerce BMLs.
Mon Jul 08 12:52:13 CDT 2024 Info : Pulling BML: pricing
Mon Jul 08 12:52:13 CDT 2024 Info : Pulling BML: emailNotificationGenerator
Mon Jul 08 12:52:13 CDT 2024 Info : Pulling BML: printing
Mon Jul 08 12:52:13 CDT 2024 Info : Pulling BML: createMasterGroupString
Mon Jul 08 12:52:13 CDT 2024 Info : Pulling BML: setOutputValues
Mon Jul 08 12:52:13 CDT 2024 Info : Pulling BML: pricingOnSubmitOrder
Mon Jul 08 12:52:13 CDT 2024 Info : Pulling BML: runPricingValidations
Mon Jul 08 12:52:13 CDT 2024 Info : Pulling BML: validateBundleFlagForDynamicGrouping
Mon Jul 08 12:52:13 CDT 2024 Info : Pulling BML: sequenceScript
Mon Jul 08 12:52:13 CDT 2024 Info : Pulling BML: validation
Mon Jul 08 12:52:13 CDT 2024 Info : Pulling BML: populateAttachmentName
Mon Jul 08 12:52:13 CDT 2024 Info : Pulling BML: evaluateApprovals
Mon Jul 08 12:52:13 CDT 2024 Info : Pulling BML: setAttributes
Mon Jul 08 12:52:13 CDT 2024 Info : Pulling BML: generateServiceAccountIds
Mon Jul 08 12:52:13 CDT 2024 Info : Pulling BML: systematizedTerminations
Mon Jul 08 12:52:13 CDT 2024 Info : Pulling BML: buildSoftValidations
Mon Jul 08 12:52:13 CDT 2024 Info : Pulling BML: pricingMisc
Mon Jul 08 12:52:13 CDT 2024 Info : Pulling BML: incrementalBaseApprovalFlag
Mon Jul 08 12:52:13 CDT 2024 Info : Pulling BML: previewTierChangePricing
Mon Jul 08 12:52:13 CDT 2024 Info : Pulling BML: resetIntegrationIDsForSFDC
Mon Jul 08 12:52:13 CDT 2024 Info : Pulling BML: aRRAndApprovals
Mon Jul 08 12:52:13 CDT 2024 Info : Pulling BML: addonPopulation
Mon Jul 08 12:52:13 CDT 2024 Info : Pulling BML: newProductStartDate
Mon Jul 08 12:52:13 CDT 2024 Info : Pulling BML: calculateContractRenewalDate
Mon Jul 08 12:52:13 CDT 2024 Info : Pulling BML: detectEditionAndCoreChanges
Mon Jul 08 12:52:13 CDT 2024 Info : Pulling BML: getGoverningCountry
Mon Jul 08 12:52:13 CDT 2024 Info : Pulling BML: setIsBIselected
Mon Jul 08 12:52:14 CDT 2024 Info : Pulling BML: manageAssetAndTrxnInfo
Mon Jul 08 12:52:14 CDT 2024 Info : Pulling BML: populateBillingExceptionFromOpportunity
Mon Jul 08 12:52:14 CDT 2024 Info : Pulling BML: overrideTFSDDateInLIG
Mon Jul 08 12:52:14 CDT 2024 Info : Pulling BML: checkCrossQuarterOED
Mon Jul 08 12:52:14 CDT 2024 Info : Pulling BML: isPrimeRequired
Mon Jul 08 12:52:14 CDT 2024 Info : Pulling BML: setProposalControls
Mon Jul 08 12:52:14 CDT 2024 Info : Pulling BML: pricingMisc20thAugust
Mon Jul 08 12:52:14 CDT 2024 Info : Pulling BML: rampPlanPricingTable
Mon Jul 08 12:52:14 CDT 2024 Info : Pulling BML: professionalServicesTerminationBillingException
Mon Jul 08 12:52:14 CDT 2024 Info : Pulling BML: approvalTraversed
Mon Jul 08 12:52:14 CDT 2024 Info : Pulling BML: billingExceptionForSFDC
Mon Jul 08 12:52:14 CDT 2024 Info : Pulling BML: populateLegalPromotions
Mon Jul 08 12:52:14 CDT 2024 Info : Pulling BML: manageOEDValidation
Mon Jul 08 12:52:14 CDT 2024 Info : Pulling BML: executeApprovalHistory
Mon Jul 08 12:52:14 CDT 2024 Info : Pulling BML: manageAssetNBDValidation
Mon Jul 08 12:52:14 CDT 2024 Info : Pulling BML: evaluateDCTransaction
Mon Jul 08 12:52:14 CDT 2024 Info : Pulling BML: pricingOnSubmitToOrder
Mon Jul 08 12:52:14 CDT 2024 Info : Pulling BML: pricingMiscOriginal
Mon Jul 08 12:52:14 CDT 2024 Info : Pulling BML: pricingOriginal
Mon Jul 08 12:52:14 CDT 2024 Info : Pulling BML: pricing20thAugust
Mon Jul 08 12:52:14 CDT 2024 Info : Pulling BML: hideObjectsOnGenerateContractTab
Mon Jul 08 12:52:14 CDT 2024 Info : Pulling BML: populateProfessionalServices
Mon Jul 08 12:52:14 CDT 2024 Info : Pulling BML: billingExceptionsForSFDC
Mon Jul 08 12:52:14 CDT 2024 Info : Pulling BML: terminateProfessionalServices
Mon Jul 08 12:52:14 CDT 2024 Info : Pulling BML: calculateMonthlyOffsetBeforeSubmit
Mon Jul 08 12:52:14 CDT 2024 Info : Pulling BML: calculateTerminationDate
Mon Jul 08 12:52:14 CDT 2024 Info : Pulling BML: manageOEDBillingException
Mon Jul 08 12:52:14 CDT 2024 Info : Pulling BML: expenseItAutoSwitch
Mon Jul 08 12:52:14 CDT 2024 Info : Pulling BML: auditAndDetectTransactionValidation
Mon Jul 08 12:52:14 CDT 2024 Info : Pulling BML: manageNextBillDates
Mon Jul 08 12:52:15 CDT 2024 Info : Pulling BML: populateAssetBillingDict
Mon Jul 08 12:52:15 CDT 2024 Info : Pulling BML: sMBPrimeProductsApprovalCheck
Mon Jul 08 12:52:15 CDT 2024 Info : Pulling BML: assetNBDValidationForQuarterlyCycle
Mon Jul 08 12:52:15 CDT 2024 Info : Pulling BML: addonPopulationForAPI
Mon Jul 08 12:52:15 CDT 2024 Info : Pulling BML: testCallOutBundling
Mon Jul 08 12:52:15 CDT 2024 Info : Pulling BML: getRampXmlForServicePartnerQuote
Mon Jul 08 12:52:15 CDT 2024 Info : Pulling BML: setNonSystematizedReason
Mon Jul 08 12:52:15 CDT 2024 Info : Pulling BML: calculateFutureDateForQuarterly
Mon Jul 08 12:52:15 CDT 2024 Info : Pulling BML: crossModelValidation
Mon Jul 08 12:52:15 CDT 2024 Info : Pulling BML: reOrderAssetString
Mon Jul 08 12:52:15 CDT 2024 Info : Pulling BML: setPaymentMethodChangedCCDD
Mon Jul 08 12:52:15 CDT 2024 Info : Pulling BML: captureProdBasedLinesForRamps
Mon Jul 08 12:52:15 CDT 2024 Info : Pulling BML: generatePromoInternalDesc
Mon Jul 08 12:52:15 CDT 2024 Info : Pulling BML: updateMenuAttributeUsingWebService
Mon Jul 08 12:52:15 CDT 2024 Info : Pulling BML: calculateForecastedYearlyARR
Mon Jul 08 12:52:15 CDT 2024 Info : Pulling BML: pricingMiscRefactor
Mon Jul 08 12:52:15 CDT 2024 Info : Pulling BML: callAutoGenerateContractRestService_c
Mon Jul 08 12:52:15 CDT 2024 Info : Pulling BML: callAutoGenerateSEPAContractRestService_c
Mon Jul 08 12:52:15 CDT 2024 Info : Pulling Commerce BMLTs.

********  End  ********
